<?xml version="1.0" encoding="UTF-8"?>
<!-- Generated by org.testng.reporters.JUnitXMLReporter -->
<testsuite hostname="QT-INBG-LT0552" name="Default test" tests="3" failures="0" timestamp="1 Aug 2019 10:36:54 GMT" time="65.94" errors="0">
  <testcase name="LoginTest" time="19.627" classname="TestRunner.RunnerClass"/>
  <testcase name="FlightBookingTest" time="0.001" classname="TestRunner.RunnerClass"/>
  <testcase name="HotelBookingTest" time="24.641" classname="TestRunner.RunnerClass"/>
</testsuite> <!-- Default test -->
