<?xml version="1.0" encoding="UTF-8"?>
<testng-results skipped="0" failed="0" total="3" passed="3">
  <reporter-output>
  </reporter-output>
  <suite name="Default suite" duration-ms="65940" started-at="2019-08-01T10:35:48Z" finished-at="2019-08-01T10:36:54Z">
    <groups>
    </groups>
    <test name="Default test" duration-ms="65940" started-at="2019-08-01T10:35:48Z" finished-at="2019-08-01T10:36:54Z">
      <class name="TestRunner.RunnerClass">
        <test-method status="PASS" signature="launchUrl()[pri:0, instance:TestRunner.RunnerClass@7cf10a6f]" name="launchUrl" is-config="true" duration-ms="15995" started-at="2019-08-01T16:05:48Z" finished-at="2019-08-01T16:06:04Z">
          <reporter-output>
          </reporter-output>
        </test-method> <!-- launchUrl -->
        <test-method status="PASS" signature="LoginTest()[pri:0, instance:TestRunner.RunnerClass@7cf10a6f]" name="LoginTest" duration-ms="19627" started-at="2019-08-01T16:06:04Z" finished-at="2019-08-01T16:06:23Z">
          <reporter-output>
          </reporter-output>
        </test-method> <!-- LoginTest -->
        <test-method status="PASS" signature="FlightBookingTest()[pri:1, instance:TestRunner.RunnerClass@7cf10a6f]" name="FlightBookingTest" duration-ms="1" started-at="2019-08-01T16:06:23Z" finished-at="2019-08-01T16:06:23Z">
          <reporter-output>
          </reporter-output>
        </test-method> <!-- FlightBookingTest -->
        <test-method status="PASS" signature="HotelBookingTest()[pri:2, instance:TestRunner.RunnerClass@7cf10a6f]" name="HotelBookingTest" duration-ms="24641" started-at="2019-08-01T16:06:23Z" finished-at="2019-08-01T16:06:48Z">
          <reporter-output>
          </reporter-output>
        </test-method> <!-- HotelBookingTest -->
        <test-method status="PASS" signature="TearDown()[pri:0, instance:TestRunner.RunnerClass@7cf10a6f]" name="TearDown" is-config="true" duration-ms="5648" started-at="2019-08-01T16:06:48Z" finished-at="2019-08-01T16:06:54Z">
          <reporter-output>
          </reporter-output>
        </test-method> <!-- TearDown -->
      </class> <!-- TestRunner.RunnerClass -->
    </test> <!-- Default test -->
  </suite> <!-- Default suite -->
</testng-results>
